
> sqlite3@4.1.1 install C:\Web Projects\web-portal\server\node_modules\sqlite3
> node-pre-gyp install --fallback-to-build

[sqlite3] Success: "C:\Web Projects\web-portal\server\node_modules\sqlite3\lib\binding\node-v48-win32-x64\node_sqlite3.node" is installed via remote

> nodemon@1.19.4 postinstall C:\Web Projects\web-portal\server\node_modules\nodemon
> node bin/postinstall || exit 0

[32mLove nodemon? You can now support the project via the open collective:[22m[39m
 > [96m[1mhttps://opencollective.com/nodemon/donate[0m

server@1.0.0 C:\Web Projects\web-portal\server
+-- @types/sequelize@4.28.8 
| +-- @types/bluebird@3.5.29 
| +-- @types/continuation-local-storage@3.2.2 
| | `-- @types/node@13.1.4 
| +-- @types/lodash@4.14.149 
| `-- @types/validator@12.0.1 
+-- body-parser@1.19.0 
| +-- bytes@3.1.0 
| +-- content-type@1.0.4 
| +-- debug@2.6.9 
| | `-- ms@2.0.0 
| +-- depd@1.1.2 
| +-- http-errors@1.7.2 
| | +-- inherits@2.0.3 
| | `-- toidentifier@1.0.0 
| +-- iconv-lite@0.4.24 
| | `-- safer-buffer@2.1.2 
| +-- on-finished@2.3.0 
| | `-- ee-first@1.1.1 
| +-- qs@6.7.0 
| +-- raw-body@2.4.0 
| | `-- unpipe@1.0.0 
| `-- type-is@1.6.18 
|   `-- media-typer@0.3.0 
+-- consign@0.1.6 
+-- cors@2.8.5 
| +-- object-assign@4.1.1 
| `-- vary@1.1.2 
+-- crypto@1.0.1 
+-- custom-env@1.0.2 
| +-- dotenv@8.2.0 
| `-- dotenv-expand@5.1.0 
+-- emailjs@2.2.0 
| +-- addressparser@0.3.2 
| `-- emailjs-mime-codec@2.0.9 
|   +-- emailjs-base64@1.1.4 
|   +-- ramda@0.26.1 
|   `-- text-encoding@0.7.0 
+-- eslint@5.16.0 
| +-- @babel/code-frame@7.5.5 
| | `-- @babel/highlight@7.5.0 
| |   `-- js-tokens@4.0.0 
| +-- ajv@6.10.2 
| | +-- fast-deep-equal@2.0.1 
| | +-- fast-json-stable-stringify@2.1.0 
| | +-- json-schema-traverse@0.4.1 
| | `-- uri-js@4.2.2 
| |   `-- punycode@2.1.1 
| +-- chalk@2.4.2 
| | +-- ansi-styles@3.2.1 
| | | `-- color-convert@1.9.3 
| | |   `-- color-name@1.1.3 
| | `-- escape-string-regexp@1.0.5 
| +-- cross-spawn@6.0.5 
| | +-- nice-try@1.0.5 
| | +-- path-key@2.0.1 
| | +-- shebang-command@1.2.0 
| | | `-- shebang-regex@1.0.0 
| | `-- which@1.3.1 
| |   `-- isexe@2.0.0 
| +-- debug@4.1.1 
| | `-- ms@2.1.2 
| +-- doctrine@3.0.0 
| +-- eslint-scope@4.0.3 
| | +-- esrecurse@4.2.1 
| | `-- estraverse@4.3.0 
| +-- eslint-utils@1.4.3 
| +-- eslint-visitor-keys@1.1.0 
| +-- espree@5.0.1 
| | +-- acorn@6.4.0 
| | `-- acorn-jsx@5.1.0 
| +-- esquery@1.0.1 
| +-- esutils@2.0.3 
| +-- file-entry-cache@5.0.1 
| | `-- flat-cache@2.0.1 
| |   +-- flatted@2.0.1 
| |   +-- rimraf@2.6.3 
| |   `-- write@1.0.3 
| +-- functional-red-black-tree@1.0.1 
| +-- glob@7.1.6 
| | +-- fs.realpath@1.0.0 
| | +-- inflight@1.0.6 
| | | `-- wrappy@1.0.2 
| | +-- once@1.4.0 
| | `-- path-is-absolute@1.0.1 
| +-- globals@11.12.0 
| +-- ignore@4.0.6 
| +-- import-fresh@3.2.1 
| | +-- parent-module@1.0.1 
| | | `-- callsites@3.1.0 
| | `-- resolve-from@4.0.0 
| +-- imurmurhash@0.1.4 
| +-- inquirer@6.5.2 
| | +-- ansi-escapes@3.2.0 
| | +-- cli-cursor@2.1.0 
| | | `-- restore-cursor@2.0.0 
| | |   +-- onetime@2.0.1 
| | |   | `-- mimic-fn@1.2.0 
| | |   `-- signal-exit@3.0.2 
| | +-- cli-width@2.2.0 
| | +-- external-editor@3.1.0 
| | | +-- chardet@0.7.0 
| | | `-- tmp@0.0.33 
| | +-- figures@2.0.0 
| | +-- mute-stream@0.0.7 
| | +-- run-async@2.3.0 
| | +-- rxjs@6.5.4 
| | | `-- tslib@1.10.0 
| | +-- string-width@2.1.1 
| | | +-- is-fullwidth-code-point@2.0.0 
| | | `-- strip-ansi@4.0.0 
| | |   `-- ansi-regex@3.0.0 
| | +-- strip-ansi@5.2.0 
| | | `-- ansi-regex@4.1.0 
| | `-- through@2.3.8 
| +-- js-yaml@3.13.1 
| | +-- argparse@1.0.10 
| | | `-- sprintf-js@1.0.3 
| | `-- esprima@4.0.1 
| +-- json-stable-stringify-without-jsonify@1.0.1 
| +-- levn@0.3.0 
| | +-- prelude-ls@1.1.2 
| | `-- type-check@0.3.2 
| +-- lodash@4.17.15 
| +-- minimatch@3.0.4 
| | `-- brace-expansion@1.1.11 
| |   +-- balanced-match@1.0.0 
| |   `-- concat-map@0.0.1 
| +-- mkdirp@0.5.1 
| | `-- minimist@0.0.8 
| +-- natural-compare@1.4.0 
| +-- optionator@0.8.3 
| | +-- deep-is@0.1.3 
| | +-- fast-levenshtein@2.0.6 
| | `-- word-wrap@1.2.3 
| +-- path-is-inside@1.0.2 
| +-- progress@2.0.3 
| +-- regexpp@2.0.1 
| +-- semver@5.7.1 
| +-- strip-ansi@4.0.0 
| | `-- ansi-regex@3.0.0 
| +-- strip-json-comments@2.0.1 
| +-- table@5.4.6 
| | +-- slice-ansi@2.1.0 
| | | +-- astral-regex@1.0.0 
| | | `-- is-fullwidth-code-point@2.0.0 
| | `-- string-width@3.1.0 
| |   +-- emoji-regex@7.0.3 
| |   +-- is-fullwidth-code-point@2.0.0 
| |   `-- strip-ansi@5.2.0 
| |     `-- ansi-regex@4.1.0 
| `-- text-table@0.2.0 
+-- excel-to-json@1.0.0 
| +-- async@0.9.2 
| +-- csv@0.3.7 
| +-- path@0.11.14 
| `-- xlsjs@0.7.0 
|   +-- cfb@1.1.3 
|   | +-- adler-32@1.2.0 
|   | | `-- exit-on-epipe@1.0.1 
|   | +-- commander@2.20.3 
|   | +-- crc-32@1.2.0 
|   | `-- printj@1.1.2 
|   +-- codepage@1.3.8 
|   | +-- concat-stream@2.0.0 
|   | | `-- readable-stream@3.4.0 
|   | |   `-- string_decoder@1.3.0 
|   | `-- voc@1.1.0 
|   +-- commander@4.1.0 
|   `-- ssf@0.8.2 
|     +-- colors@0.6.2 
|     `-- frac@0.3.1 
+-- express@4.17.1 
| +-- accepts@1.3.7 
| | `-- negotiator@0.6.2 
| +-- array-flatten@1.1.1 
| +-- content-disposition@0.5.3 
| | `-- safe-buffer@5.1.2 
| +-- cookie@0.4.0 
| +-- cookie-signature@1.0.6 
| +-- encodeurl@1.0.2 
| +-- escape-html@1.0.3 
| +-- etag@1.8.1 
| +-- finalhandler@1.1.2 
| +-- fresh@0.5.2 
| +-- merge-descriptors@1.0.1 
| +-- methods@1.1.2 
| +-- parseurl@1.3.3 
| +-- path-to-regexp@0.1.7 
| +-- proxy-addr@2.0.5 
| | +-- forwarded@0.1.2 
| | `-- ipaddr.js@1.9.0 
| +-- range-parser@1.2.1 
| +-- safe-buffer@5.1.2 
| +-- send@0.17.1 
| | +-- destroy@1.0.4 
| | +-- mime@1.6.0 
| | `-- ms@2.1.1 
| +-- serve-static@1.14.1 
| +-- setprototypeof@1.1.1 
| +-- statuses@1.5.0 
| `-- utils-merge@1.0.1 
+-- image-size@0.7.5 
+-- momentjs@2.0.0 
+-- morgan@1.9.1 
| +-- basic-auth@2.0.1 
| | `-- safe-buffer@5.1.2 
| `-- on-headers@1.0.2 
+-- multer@1.4.2 
| +-- append-field@1.0.0 
| +-- busboy@0.2.14 
| | +-- dicer@0.2.5 
| | | +-- readable-stream@1.1.14 
| | | | `-- string_decoder@0.10.31 
| | | `-- streamsearch@0.1.2 
| | `-- readable-stream@1.1.14 
| |   +-- core-util-is@1.0.2 
| |   +-- isarray@0.0.1 
| |   `-- string_decoder@0.10.31 
| +-- concat-stream@1.6.2 
| | +-- buffer-from@1.1.1 
| | +-- readable-stream@2.3.7 
| | | +-- isarray@1.0.0 
| | | +-- process-nextick-args@2.0.1 
| | | +-- safe-buffer@5.1.2 
| | | +-- string_decoder@1.1.1 
| | | `-- util-deprecate@1.0.2 
| | `-- typedarray@0.0.6 
| `-- xtend@4.0.2 
+-- mysql2@1.7.0 
| +-- denque@1.4.1 
| +-- generate-function@2.3.1 
| | `-- is-property@1.0.2 
| +-- iconv-lite@0.5.0 
| +-- long@4.0.0 
| +-- lru-cache@5.1.1 
| | `-- yallist@3.1.1 
| +-- named-placeholders@1.1.2 
| | `-- lru-cache@4.1.5 
| |   +-- pseudomap@1.0.2 
| |   `-- yallist@2.1.2 
| +-- seq-queue@0.0.5 
| `-- sqlstring@2.3.1 
+-- nodemon@1.19.4 
| +-- chokidar@2.1.8 
| | +-- anymatch@2.0.0 
| | | +-- micromatch@3.1.10 
| | | | +-- arr-diff@4.0.0 
| | | | +-- define-property@2.0.2 
| | | | | `-- is-descriptor@1.0.2 
| | | | |   +-- is-accessor-descriptor@1.0.0 
| | | | |   `-- is-data-descriptor@1.0.0 
| | | | +-- extend-shallow@3.0.2 
| | | | | +-- assign-symbols@1.0.0 
| | | | | `-- is-extendable@1.0.1 
| | | | |   `-- is-plain-object@2.0.4 
| | | | +-- extglob@2.0.4 
| | | | | +-- define-property@1.0.0 
| | | | | | `-- is-descriptor@1.0.2 
| | | | | |   +-- is-accessor-descriptor@1.0.0 
| | | | | |   `-- is-data-descriptor@1.0.0 
| | | | | +-- expand-brackets@2.1.4 
| | | | | | +-- define-property@0.2.5 
| | | | | | +-- extend-shallow@2.0.1 
| | | | | | `-- posix-character-classes@0.1.1 
| | | | | `-- extend-shallow@2.0.1 
| | | | +-- fragment-cache@0.2.1 
| | | | +-- kind-of@6.0.2 
| | | | +-- nanomatch@1.2.13 
| | | | | `-- is-windows@1.0.2 
| | | | +-- object.pick@1.3.0 
| | | | `-- regex-not@1.0.2 
| | | `-- normalize-path@2.1.1 
| | |   `-- remove-trailing-separator@1.1.0 
| | +-- async-each@1.0.3 
| | +-- braces@2.3.2 
| | | +-- arr-flatten@1.1.0 
| | | +-- array-unique@0.3.2 
| | | +-- extend-shallow@2.0.1 
| | | | `-- is-extendable@0.1.1 
| | | +-- fill-range@4.0.0 
| | | | +-- extend-shallow@2.0.1 
| | | | +-- is-number@3.0.0 
| | | | | `-- kind-of@3.2.2 
| | | | |   `-- is-buffer@1.1.6 
| | | | +-- repeat-string@1.6.1 
| | | | `-- to-regex-range@2.1.1 
| | | +-- isobject@3.0.1 
| | | +-- repeat-element@1.1.3 
| | | +-- snapdragon@0.8.2 
| | | | +-- base@0.11.2 
| | | | | +-- cache-base@1.0.1 
| | | | | | +-- collection-visit@1.0.0 
| | | | | | | +-- map-visit@1.0.0 
| | | | | | | `-- object-visit@1.0.1 
| | | | | | +-- get-value@2.0.6 
| | | | | | +-- has-value@1.0.0 
| | | | | | | `-- has-values@1.0.0 
| | | | | | |   `-- kind-of@4.0.0 
| | | | | | +-- set-value@2.0.1 
| | | | | | | `-- extend-shallow@2.0.1 
| | | | | | +-- to-object-path@0.3.0 
| | | | | | | `-- kind-of@3.2.2 
| | | | | | +-- union-value@1.0.1 
| | | | | | `-- unset-value@1.0.0 
| | | | | |   `-- has-value@0.3.1 
| | | | | |     +-- has-values@0.1.4 
| | | | | |     `-- isobject@2.1.0 
| | | | | |       `-- isarray@1.0.0 
| | | | | +-- class-utils@0.3.6 
| | | | | | +-- arr-union@3.1.0 
| | | | | | +-- define-property@0.2.5 
| | | | | | `-- static-extend@0.1.2 
| | | | | |   +-- define-property@0.2.5 
| | | | | |   `-- object-copy@0.1.0 
| | | | | |     +-- copy-descriptor@0.1.1 
| | | | | |     +-- define-property@0.2.5 
| | | | | |     `-- kind-of@3.2.2 
| | | | | +-- component-emitter@1.3.0 
| | | | | +-- define-property@1.0.0 
| | | | | | `-- is-descriptor@1.0.2 
| | | | | |   +-- is-accessor-descriptor@1.0.0 
| | | | | |   `-- is-data-descriptor@1.0.0 
| | | | | +-- mixin-deep@1.3.2 
| | | | | | +-- for-in@1.0.2 
| | | | | | `-- is-extendable@1.0.1 
| | | | | `-- pascalcase@0.1.1 
| | | | +-- define-property@0.2.5 
| | | | | `-- is-descriptor@0.1.6 
| | | | |   +-- is-accessor-descriptor@0.1.6 
| | | | |   | `-- kind-of@3.2.2 
| | | | |   +-- is-data-descriptor@0.1.4 
| | | | |   | `-- kind-of@3.2.2 
| | | | |   `-- kind-of@5.1.0 
| | | | +-- extend-shallow@2.0.1 
| | | | +-- map-cache@0.2.2 
| | | | +-- source-map@0.5.7 
| | | | +-- source-map-resolve@0.5.3 
| | | | | +-- atob@2.1.2 
| | | | | +-- decode-uri-component@0.2.0 
| | | | | +-- resolve-url@0.2.1 
| | | | | +-- source-map-url@0.4.0 
| | | | | `-- urix@0.1.0 
| | | | `-- use@3.1.1 
| | | +-- snapdragon-node@2.1.1 
| | | | +-- define-property@1.0.0 
| | | | | `-- is-descriptor@1.0.2 
| | | | |   +-- is-accessor-descriptor@1.0.0 
| | | | |   `-- is-data-descriptor@1.0.0 
| | | | `-- snapdragon-util@3.0.1 
| | | |   `-- kind-of@3.2.2 
| | | +-- split-string@3.1.0 
| | | `-- to-regex@3.0.2 
| | |   `-- safe-regex@1.1.0 
| | |     `-- ret@0.1.15 
| | +-- glob-parent@3.1.0 
| | | +-- is-glob@3.1.0 
| | | `-- path-dirname@1.0.2 
| | +-- is-binary-path@1.0.1 
| | | `-- binary-extensions@1.13.1 
| | +-- is-glob@4.0.1 
| | | `-- is-extglob@2.1.1 
| | +-- normalize-path@3.0.0 
| | +-- readdirp@2.2.1 
| | | +-- graceful-fs@4.2.3 
| | | `-- readable-stream@2.3.7 
| | |   +-- isarray@1.0.0 
| | |   +-- safe-buffer@5.1.2 
| | |   `-- string_decoder@1.1.1 
| | `-- upath@1.2.0 
| +-- debug@3.2.6 
| | `-- ms@2.1.2 
| +-- ignore-by-default@1.0.1 
| +-- pstree.remy@1.1.7 
| +-- supports-color@5.5.0 
| | `-- has-flag@3.0.0 
| +-- touch@3.1.0 
| | `-- nopt@1.0.10 
| |   `-- abbrev@1.1.1 
| +-- undefsafe@2.0.2 
| `-- update-notifier@2.5.0 
|   +-- boxen@1.3.0 
|   | +-- ansi-align@2.0.0 
|   | | `-- string-width@2.1.1 
|   | |   +-- is-fullwidth-code-point@2.0.0 
|   | |   `-- strip-ansi@4.0.0 
|   | |     `-- ansi-regex@3.0.0 
|   | +-- camelcase@4.1.0 
|   | +-- cli-boxes@1.0.0 
|   | +-- string-width@2.1.1 
|   | | +-- is-fullwidth-code-point@2.0.0 
|   | | `-- strip-ansi@4.0.0 
|   | |   `-- ansi-regex@3.0.0 
|   | +-- term-size@1.2.0 
|   | | `-- execa@0.7.0 
|   | |   +-- cross-spawn@5.1.0 
|   | |   | `-- lru-cache@4.1.5 
|   | |   |   `-- yallist@2.1.2 
|   | |   +-- get-stream@3.0.0 
|   | |   +-- is-stream@1.1.0 
|   | |   +-- npm-run-path@2.0.2 
|   | |   +-- p-finally@1.0.0 
|   | |   `-- strip-eof@1.0.0 
|   | `-- widest-line@2.0.1 
|   |   `-- string-width@2.1.1 
|   |     +-- is-fullwidth-code-point@2.0.0 
|   |     `-- strip-ansi@4.0.0 
|   |       `-- ansi-regex@3.0.0 
|   +-- configstore@3.1.2 
|   | +-- dot-prop@4.2.0 
|   | | `-- is-obj@1.0.1 
|   | +-- make-dir@1.3.0 
|   | | `-- pify@3.0.0 
|   | +-- unique-string@1.0.0 
|   | | `-- crypto-random-string@1.0.0 
|   | `-- write-file-atomic@2.4.3 
|   +-- import-lazy@2.1.0 
|   +-- is-ci@1.2.1 
|   | `-- ci-info@1.6.0 
|   +-- is-installed-globally@0.1.0 
|   | +-- global-dirs@0.1.1 
|   | | `-- ini@1.3.5 
|   | `-- is-path-inside@1.0.1 
|   +-- is-npm@1.0.0 
|   +-- latest-version@3.1.0 
|   | `-- package-json@4.0.1 
|   |   +-- got@6.7.1 
|   |   | +-- create-error-class@3.0.2 
|   |   | | `-- capture-stack-trace@1.0.1 
|   |   | +-- duplexer3@0.1.4 
|   |   | +-- is-redirect@1.0.0 
|   |   | +-- is-retry-allowed@1.2.0 
|   |   | +-- lowercase-keys@1.0.1 
|   |   | +-- timed-out@4.0.1 
|   |   | +-- unzip-response@2.0.1 
|   |   | `-- url-parse-lax@1.0.0 
|   |   |   `-- prepend-http@1.0.4 
|   |   +-- registry-auth-token@3.4.0 
|   |   `-- registry-url@3.1.0 
|   +-- semver-diff@2.1.0 
|   `-- xdg-basedir@3.0.0 
+-- prepend-file@1.3.1 
| `-- tmp@0.0.31 
|   `-- os-tmpdir@1.0.2 
+-- promise@8.0.3 
| `-- asap@2.0.6 
+-- promise-mysql2@1.0.0 
| `-- mysql@2.17.1 
|   +-- bignumber.js@7.2.1 
|   +-- readable-stream@2.3.6 
|   | +-- isarray@1.0.0 
|   | `-- string_decoder@1.1.1 
|   `-- safe-buffer@5.1.2 
+-- request@2.88.0 
| +-- aws-sign2@0.7.0 
| +-- aws4@1.9.0 
| +-- caseless@0.12.0 
| +-- combined-stream@1.0.8 
| | `-- delayed-stream@1.0.0 
| +-- extend@3.0.2 
| +-- forever-agent@0.6.1 
| +-- form-data@2.3.3 
| | `-- asynckit@0.4.0 
| +-- har-validator@5.1.3 
| | `-- har-schema@2.0.0 
| +-- http-signature@1.2.0 
| | +-- assert-plus@1.0.0 
| | +-- jsprim@1.4.1 
| | | +-- extsprintf@1.3.0 
| | | +-- json-schema@0.2.3 
| | | `-- verror@1.10.0 
| | `-- sshpk@1.16.1 
| |   +-- asn1@0.2.4 
| |   +-- bcrypt-pbkdf@1.0.2 
| |   +-- dashdash@1.14.1 
| |   +-- ecc-jsbn@0.1.2 
| |   +-- getpass@0.1.7 
| |   +-- jsbn@0.1.1 
| |   `-- tweetnacl@0.14.5 
| +-- is-typedarray@1.0.0 
| +-- isstream@0.1.2 
| +-- json-stringify-safe@5.0.1 
| +-- mime-types@2.1.26 
| | `-- mime-db@1.43.0 
| +-- oauth-sign@0.9.0 
| +-- performance-now@2.1.0 
| +-- qs@6.5.2 
| +-- safe-buffer@5.2.0 
| +-- tough-cookie@2.4.3 
| | +-- psl@1.7.0 
| | `-- punycode@1.4.1 
| +-- tunnel-agent@0.6.0 
| `-- uuid@3.3.3 
+-- request-promise@4.2.5 
| +-- bluebird@3.7.2 
| +-- request-promise-core@1.1.3 
| `-- stealthy-require@1.1.1 
+-- sequelize@4.44.3 
| +-- cls-bluebird@2.1.0 
| | +-- is-bluebird@1.0.2 
| | `-- shimmer@1.2.1 
| +-- debug@3.2.6 
| | `-- ms@2.1.2 
| +-- dottie@2.0.2 
| +-- generic-pool@3.5.0 
| +-- inflection@1.12.0 
| +-- moment@2.24.0 
| +-- moment-timezone@0.5.27 
| +-- retry-as-promised@2.3.2 
| +-- terraformer-wkt-parser@1.2.1 
| | +-- @types/geojson@1.0.6 
| | `-- terraformer@1.0.9 
| +-- toposort-class@1.0.1 
| +-- validator@10.11.0 
| `-- wkx@0.4.8 
+-- sqlite@3.0.3 
| +-- sql-template-strings@2.2.2 
| `-- sqlite3@4.1.1 
|   +-- nan@2.14.0 
|   `-- node-pre-gyp@0.11.0 
|     +-- detect-libc@1.0.3 
|     +-- needle@2.4.0 
|     | +-- debug@3.2.6 
|     | | `-- ms@2.1.2 
|     | `-- sax@1.2.4 
|     +-- nopt@4.0.1 
|     | `-- osenv@0.1.5 
|     |   `-- os-homedir@1.0.2 
|     +-- npm-packlist@1.4.7 
|     | +-- ignore-walk@3.0.3 
|     | `-- npm-bundled@1.1.1 
|     |   `-- npm-normalize-package-bin@1.0.1 
|     +-- npmlog@4.1.2 
|     | +-- are-we-there-yet@1.1.5 
|     | | +-- delegates@1.0.0 
|     | | `-- readable-stream@2.3.7 
|     | |   +-- isarray@1.0.0 
|     | |   +-- safe-buffer@5.1.2 
|     | |   `-- string_decoder@1.1.1 
|     | +-- console-control-strings@1.1.0 
|     | +-- gauge@2.7.4 
|     | | +-- aproba@1.2.0 
|     | | +-- has-unicode@2.0.1 
|     | | +-- string-width@1.0.2 
|     | | | +-- code-point-at@1.1.0 
|     | | | `-- is-fullwidth-code-point@1.0.0 
|     | | |   `-- number-is-nan@1.0.1 
|     | | +-- strip-ansi@3.0.1 
|     | | | `-- ansi-regex@2.1.1 
|     | | `-- wide-align@1.1.3 
|     | `-- set-blocking@2.0.0 
|     +-- rc@1.2.8 
|     | +-- deep-extend@0.6.0 
|     | `-- minimist@1.2.0 
|     +-- rimraf@2.7.1 
|     `-- tar@4.4.13 
|       +-- chownr@1.1.3 
|       +-- fs-minipass@1.2.7 
|       +-- minipass@2.9.0 
|       `-- minizlib@1.3.3 
+-- util.promisify@1.0.0 
| +-- define-properties@1.1.3 
| | `-- object-keys@1.1.1 
| `-- object.getownpropertydescriptors@2.1.0 
|   `-- es-abstract@1.17.0 
|     +-- es-to-primitive@1.2.1 
|     | +-- is-date-object@1.0.2 
|     | `-- is-symbol@1.0.3 
|     +-- function-bind@1.1.1 
|     +-- has@1.0.3 
|     +-- has-symbols@1.0.1 
|     +-- is-callable@1.1.5 
|     +-- is-regex@1.0.5 
|     +-- object-inspect@1.7.0 
|     +-- object.assign@4.1.0 
|     +-- string.prototype.trimleft@2.1.1 
|     `-- string.prototype.trimright@2.1.1 
`-- xlsx2json@1.0.0 
  +-- csv-parse@1.3.3 
  +-- memoizee@0.4.14 
  | +-- d@1.0.1 
  | | `-- type@1.2.0 
  | +-- es5-ext@0.10.53 
  | | +-- es6-iterator@2.0.3 
  | | `-- es6-symbol@3.1.3 
  | |   `-- ext@1.4.0 
  | |     `-- type@2.0.0 
  | +-- es6-weak-map@2.0.3 
  | +-- event-emitter@0.3.5 
  | +-- is-promise@2.1.0 
  | +-- lru-queue@0.1.0 
  | +-- next-tick@1.0.0 
  | `-- timers-ext@0.1.7 
  `-- xlsx@0.8.8 
    +-- adler-32@1.2.0 
    +-- cfb@0.11.1 
    +-- codepage@1.14.0 
    | `-- commander@2.14.1 
    +-- crc-32@1.2.0 
    `-- exit-on-epipe@1.0.1 

